2025-08-01 13:37:29,494 INFO  - Starting HiveMQ Enterprise Server
2025-08-01 13:37:29,495 INFO  - HiveMQ version: 4.41.0
2025-08-01 13:37:29,496 INFO  - HiveMQ home directory: D:\hivemq-4.41.0\hivemq-4.41.0
2025-08-01 13:37:29,557 INFO  - Log Configuration was overridden by D:\hivemq-4.41.0\hivemq-4.41.0\conf\logback.xml
2025-08-01 13:37:29,850 INFO  - Successfully loaded configuration from 'D:\hivemq-4.41.0\hivemq-4.41.0\conf\config.xml'.
2025-08-01 13:37:30,111 INFO  - This node's ID is e9Uyu
2025-08-01 13:37:30,111 INFO  - Clustering is disabled
2025-08-01 13:37:35,481 INFO  - No valid license file found. Using trial license, restricted to 25 connections.
2025-08-01 13:37:36,777 INFO  - No valid license file for Data Hub found. Using free license, restricted to 1 policy.
2025-08-01 13:37:36,959 INFO  - Audit Logger started.
2025-08-01 13:37:37,014 INFO  - This node uses '12' CPU cores.
2025-08-01 13:37:37,363 INFO  - Starting HiveMQ extension system.
2025-08-01 13:37:37,441 INFO  - Starting extension with id "hivemq-allow-all-extension" at D:\hivemq-4.41.0\hivemq-4.41.0\extensions\hivemq-allow-all-extension
2025-08-01 13:37:37,443 WARN  - 
################################################################################################################
# This HiveMQ deployment is not secure! You are lacking Authentication and Authorization.                      #
# Right now any MQTT client can connect to the broker with a full set of permissions.                          #
# For production usage, add an appropriate security extension and remove the hivemq-allow-all extension.       #
# You can download security extensions from the HiveMQ Marketplace (https://www.hivemq.com/extensions/).       #
################################################################################################################
2025-08-01 13:37:37,443 INFO  - Extension "Allow All Extension" version 1.1.1 started successfully.
2025-08-01 13:37:39,554 INFO  - e9Uyu: no members discovered after 2003 ms: creating cluster as first member
2025-08-01 13:37:39,598 WARN  - No user for HiveMQ Control Center configured. Starting with default user
2025-08-01 13:37:39,605 INFO  - Starting HiveMQ Control Center on address 127.0.0.1 and port 8080
2025-08-01 13:37:39,633 INFO  - Mounting HiveMQ Control Center V2
2025-08-01 13:37:39,906 INFO  - Started HiveMQ Control Center in 308ms
2025-08-01 13:37:39,923 INFO  - Starting TCP listener on address 0.0.0.0 and port 1883
2025-08-01 13:37:39,950 INFO  - Started TCP Listener on address 0.0.0.0 and on port 1883.
2025-08-01 13:37:39,951 INFO  - Started HiveMQ in 10459ms
2025-08-01 13:39:01,669 INFO  - Shutting down HiveMQ. Please wait, this could take a while...
2025-08-01 13:39:01,676 INFO  - Shutting down listeners and clients
2025-08-01 13:39:01,678 INFO  - Shutdown of listeners is done
2025-08-01 13:39:01,678 INFO  - No clients are connected, proceeding with shutdown
2025-08-01 13:39:05,141 INFO  - Shutting down extension system
2025-08-01 13:39:05,143 INFO  - Stopping extension with id hivemq-allow-all-extension
2025-08-01 13:39:05,143 INFO  - Extension "Allow All Extension" version 1.1.1 stopped successfully.
2025-08-01 13:39:07,742 INFO  - Shutdown completed.
2025-08-01 21:11:09,734 INFO  - Starting HiveMQ Enterprise Server
2025-08-01 21:11:09,736 INFO  - HiveMQ version: 4.41.0
2025-08-01 21:11:09,737 INFO  - HiveMQ home directory: D:\hivemq-4.41.0\hivemq-4.41.0
2025-08-01 21:11:09,840 INFO  - Log Configuration was overridden by D:\hivemq-4.41.0\hivemq-4.41.0\conf\logback.xml
2025-08-01 21:11:10,472 WARN  - Cannot load the configuration from 'D:\hivemq-4.41.0\hivemq-4.41.0\conf\config.xml' because of the following errors:
	- XML schema violation in line '11' and column '10' caused by: "cvc-complex-type.2.4.a: Invalid content was found starting with element 'tls'. One of '{tcp-listener, tls-tcp-listener, websocket-listener, tls-websocket-listener}' is expected."
2025-08-01 21:11:10,475 ERROR - Preventing HiveMQ startup because the configuration could not be loaded.
2025-08-01 21:22:01,403 INFO  - Starting HiveMQ Enterprise Server
2025-08-01 21:22:01,406 INFO  - HiveMQ version: 4.41.0
2025-08-01 21:22:01,406 INFO  - HiveMQ home directory: D:\hivemq-4.41.0\hivemq-4.41.0
2025-08-01 21:22:01,502 INFO  - Log Configuration was overridden by D:\hivemq-4.41.0\hivemq-4.41.0\conf\logback.xml
2025-08-01 21:22:01,951 WARN  - Cannot load the configuration from 'D:\hivemq-4.41.0\hivemq-4.41.0\conf\config.xml' because of the following errors:
	- XML schema violation in line '18' and column '20' caused by: "cvc-complex-type.2.4.b: The content of element 'keystore' is not complete. One of '{private-key-password}' is expected."
2025-08-01 21:22:01,953 ERROR - Preventing HiveMQ startup because the configuration could not be loaded.
2025-08-01 21:24:20,689 INFO  - Starting HiveMQ Enterprise Server
2025-08-01 21:24:20,691 INFO  - HiveMQ version: 4.41.0
2025-08-01 21:24:20,692 INFO  - HiveMQ home directory: D:\hivemq-4.41.0\hivemq-4.41.0
2025-08-01 21:24:20,790 INFO  - Log Configuration was overridden by D:\hivemq-4.41.0\hivemq-4.41.0\conf\logback.xml
2025-08-01 21:24:21,384 INFO  - Successfully loaded configuration from 'D:\hivemq-4.41.0\hivemq-4.41.0\conf\config.xml'.
2025-08-01 21:24:21,982 INFO  - This node's ID is feqib
2025-08-01 21:24:21,983 INFO  - Clustering is disabled
2025-08-01 21:24:29,318 INFO  - No valid license file found. Using trial license, restricted to 25 connections.
2025-08-01 21:24:31,988 INFO  - No valid license file for Data Hub found. Using free license, restricted to 1 policy.
2025-08-01 21:24:32,409 INFO  - Audit Logger started.
2025-08-01 21:24:32,526 INFO  - This node uses '12' CPU cores.
2025-08-01 21:24:33,236 INFO  - Starting HiveMQ extension system.
2025-08-01 21:24:33,388 INFO  - Starting extension with id "hivemq-allow-all-extension" at D:\hivemq-4.41.0\hivemq-4.41.0\extensions\hivemq-allow-all-extension
2025-08-01 21:24:33,436 WARN  - 
################################################################################################################
# This HiveMQ deployment is not secure! You are lacking Authentication and Authorization.                      #
# Right now any MQTT client can connect to the broker with a full set of permissions.                          #
# For production usage, add an appropriate security extension and remove the hivemq-allow-all extension.       #
# You can download security extensions from the HiveMQ Marketplace (https://www.hivemq.com/extensions/).       #
################################################################################################################
2025-08-01 21:24:33,437 INFO  - Extension "Allow All Extension" version 1.1.1 started successfully.
2025-08-01 21:24:35,693 INFO  - feqib: no members discovered after 2009 ms: creating cluster as first member
2025-08-01 21:24:35,785 WARN  - No user for HiveMQ Control Center configured. Starting with default user
2025-08-01 21:24:35,803 INFO  - Starting HiveMQ Control Center on address 127.0.0.1 and port 8080
2025-08-01 21:24:35,903 INFO  - Mounting HiveMQ Control Center V2
2025-08-01 21:24:36,502 INFO  - Started HiveMQ Control Center in 717ms
2025-08-01 21:24:36,547 INFO  - Starting TCP listener on address 0.0.0.0 and port 1883
2025-08-01 21:24:36,891 INFO  - Enabled protocols for TCP Listener with TLS at address 0.0.0.0 and port 8883: [TLSv1.3, TLSv1.2]
2025-08-01 21:24:36,892 INFO  - Enabled cipher suites for TCP Listener with TLS at address 0.0.0.0 and port 8883: [TLS_ECDHE_ECDSA_WITH_AES_256_GCM_SHA384, TLS_ECDHE_ECDSA_WITH_AES_128_GCM_SHA256, TLS_ECDHE_RSA_WITH_AES_128_GCM_SHA256, TLS_ECDHE_RSA_WITH_AES_256_GCM_SHA384, TLS_ECDHE_RSA_WITH_AES_128_CBC_SHA, TLS_ECDHE_RSA_WITH_AES_256_CBC_SHA, TLS_RSA_WITH_AES_128_GCM_SHA256, TLS_RSA_WITH_AES_128_CBC_SHA, TLS_RSA_WITH_AES_256_CBC_SHA, TLS_AES_128_GCM_SHA256, TLS_AES_256_GCM_SHA384]
2025-08-01 21:24:36,893 INFO  - Starting TLS TCP listener on address 0.0.0.0 and port 8883
2025-08-01 21:24:36,897 INFO  - Started TCP Listener on address 0.0.0.0 and on port 1883.
2025-08-01 21:24:36,898 INFO  - Started TCP Listener with TLS on address 0.0.0.0 and on port 8883.
2025-08-01 21:24:36,898 INFO  - Started HiveMQ in 16216ms
